0 info it worked if it ends with ok
1 verbose cli [ '/usr/bin/node', '/usr/bin/npm', 'publish' ]
2 info using npm@3.10.2
3 info using node@v6.2.2
4 verbose publish [ '.' ]
5 silly cache add args [ '.', null ]
6 verbose cache add spec .
7 silly cache add parsed spec Result {
7 silly cache add   raw: '.',
7 silly cache add   scope: null,
7 silly cache add   escapedName: null,
7 silly cache add   name: null,
7 silly cache add   rawSpec: '.',
7 silly cache add   spec: '/home/eduardo/workspace/Projects/promises/find-promise',
7 silly cache add   type: 'directory' }
8 verbose addLocalDirectory /home/eduardo/.npm/find-promise/1.0.0/package.tgz not in flight; packing
9 verbose correctMkdir /home/eduardo/.npm correctMkdir not in flight; initializing
10 info lifecycle find-promise@1.0.0~prepublish: find-promise@1.0.0
11 silly lifecycle find-promise@1.0.0~prepublish: no script for prepublish, continuing
12 verbose tar pack [ '/home/eduardo/.npm/find-promise/1.0.0/package.tgz',
12 verbose tar pack   '/home/eduardo/workspace/Projects/promises/find-promise' ]
13 verbose tarball /home/eduardo/.npm/find-promise/1.0.0/package.tgz
14 verbose folder /home/eduardo/workspace/Projects/promises/find-promise
15 verbose addLocalTarball adding from inside cache /home/eduardo/.npm/find-promise/1.0.0/package.tgz
16 verbose correctMkdir /home/eduardo/.npm correctMkdir not in flight; initializing
17 silly cache afterAdd find-promise@1.0.0
18 verbose afterAdd /home/eduardo/.npm/find-promise/1.0.0/package/package.json not in flight; writing
19 verbose correctMkdir /home/eduardo/.npm correctMkdir not in flight; initializing
20 verbose afterAdd /home/eduardo/.npm/find-promise/1.0.0/package/package.json written
21 silly publish { name: 'find-promise',
21 silly publish   version: '1.0.0',
21 silly publish   description: 'Find files or directories by name, a wrapper to `find` package',
21 silly publish   main: 'lib/index.js',
21 silly publish   scripts: { test: 'mocha' },
21 silly publish   repository:
21 silly publish    { type: 'git',
21 silly publish      url: 'git+https://github.com/EduardoRFS/find-promise.git' },
21 silly publish   keywords: [ 'find', 'promise', 'async' ],
21 silly publish   author: { name: 'EduardoRFS' },
21 silly publish   license: 'MIT',
21 silly publish   bugs: { url: 'https://github.com/EduardoRFS/find-promise/issues' },
21 silly publish   homepage: 'https://github.com/EduardoRFS/find-promise#readme',
21 silly publish   devDependencies: { mocha: '^2.5.3', tmp: '0.0.28' },
21 silly publish   dependencies: { bluebird: '^3.4.1', find: '^0.2.6' },
21 silly publish   readme: '#find\n\nFind files or directories by name. Using promises\n\n\n## Installation\n\n```bash\n$ npm install --save find-promise\n```\n\n## Examples\n\nFind all files in current directory.\n\n```javascript\nvar find = require(\'find-promise\');\n\nfind.file(__dirname).then(function(files) {\n  console.log(files.length);\n})\n```\n\nFilter by regular expression.\n\n```javascript\nfind.file(/\\.js$/, __dirname.then(function(files) {\n  console.log(files.length);\n})\n```\n\n## Features\n  * Recursively search each sub-directories\n  * Asynchronously or synchronously\n  * Filtering by regular expression or string comparing\n\n## API\n\n#### .file([pattern,] root, callback)\n\n```javascript\nfind.file(__dirname).then(function(files) {\n  //\n})\n```\n\n#### .dir([pattern,] root, callback)\n```javascript\nfind.dir(__dirname).then(function(dirs) {\n  //\n})\n```\n\n\n#### .eachfile([pattern,] root, action)\n\n```javascript\nfind.eachfile(__dirname, function(file) {\n  //\n}).then(onEnd)\n```\n\n#### .eachdir([pattern,] root, action)\n\n```javascript\nfind.eachdir(__dirname, function(dir) {\n  //\n}).then(onEnd)\n```  \n\n#### .fileSync([pattern,] root)\n```javascript\nvar files = find.fileSync(__dirname);\n```\n\n#### .dirSync([pattern,] root)\n```javascript\nvar dirs = find.dirSync(__dirname);\n```\n\n\n\n### LICENSE\n\n(MIT Licensed)\n',
21 silly publish   readmeFilename: 'README.md',
21 silly publish   gitHead: 'd89e7956777679a78d994dd229e043d43d176a78',
21 silly publish   _id: 'find-promise@1.0.0',
21 silly publish   _shasum: 'ced0daf205c024036edf1a79b5048c458ca3d008',
21 silly publish   _from: '.' }
22 verbose getPublishConfig undefined
23 silly mapToRegistry name find-promise
24 silly mapToRegistry using default registry
25 silly mapToRegistry registry https://registry.npmjs.org/
26 silly mapToRegistry data Result {
26 silly mapToRegistry   raw: 'find-promise',
26 silly mapToRegistry   scope: null,
26 silly mapToRegistry   escapedName: 'find-promise',
26 silly mapToRegistry   name: 'find-promise',
26 silly mapToRegistry   rawSpec: '',
26 silly mapToRegistry   spec: 'latest',
26 silly mapToRegistry   type: 'tag' }
27 silly mapToRegistry uri https://registry.npmjs.org/find-promise
28 verbose publish registryBase https://registry.npmjs.org/
29 silly publish uploading /home/eduardo/.npm/find-promise/1.0.0/package.tgz
30 verbose request uri https://registry.npmjs.org/find-promise
31 verbose request sending authorization for write operation
32 info attempt registry request try #1 at 20:16:01
33 verbose request using bearer token for auth
34 verbose request id 0972bbd94d5f5533
35 http request PUT https://registry.npmjs.org/find-promise
36 http 403 https://registry.npmjs.org/find-promise
37 verbose headers { 'content-type': 'application/json',
37 verbose headers   'cache-control': 'max-age=300',
37 verbose headers   'content-length': '95',
37 verbose headers   'accept-ranges': 'bytes',
37 verbose headers   date: 'Sat, 09 Jul 2016 23:16:03 GMT',
37 verbose headers   via: '1.1 varnish',
37 verbose headers   connection: 'keep-alive',
37 verbose headers   'x-served-by': 'cache-iad2624-IAD',
37 verbose headers   'x-cache': 'MISS',
37 verbose headers   'x-cache-hits': '0',
37 verbose headers   'x-timer': 'S1468106162.193250,VS0,VE809',
37 verbose headers   vary: 'Accept-Encoding' }
38 verbose request invalidating /home/eduardo/.npm/registry.npmjs.org/find-promise on PUT
39 error publish Failed PUT 403
40 verbose stack Error: "You cannot publish over the previously published version 1.0.0." : find-promise
40 verbose stack     at makeError (/usr/lib/node_modules/npm/node_modules/npm-registry-client/lib/request.js:264:12)
40 verbose stack     at CachingRegistryClient.<anonymous> (/usr/lib/node_modules/npm/node_modules/npm-registry-client/lib/request.js:252:14)
40 verbose stack     at Request._callback (/usr/lib/node_modules/npm/node_modules/npm-registry-client/lib/request.js:172:14)
40 verbose stack     at Request.self.callback (/usr/lib/node_modules/npm/node_modules/request/request.js:200:22)
40 verbose stack     at emitTwo (events.js:106:13)
40 verbose stack     at Request.emit (events.js:191:7)
40 verbose stack     at Request.<anonymous> (/usr/lib/node_modules/npm/node_modules/request/request.js:1067:10)
40 verbose stack     at emitOne (events.js:101:20)
40 verbose stack     at Request.emit (events.js:188:7)
40 verbose stack     at IncomingMessage.<anonymous> (/usr/lib/node_modules/npm/node_modules/request/request.js:988:12)
41 verbose statusCode 403
42 verbose pkgid find-promise
43 verbose cwd /home/eduardo/workspace/Projects/promises/find-promise
44 error Linux 4.6.3-1-ck
45 error argv "/usr/bin/node" "/usr/bin/npm" "publish"
46 error node v6.2.2
47 error npm  v3.10.2
48 error code E403
49 error "You cannot publish over the previously published version 1.0.0." : find-promise
50 error If you need help, you may report this error at:
50 error     <https://github.com/npm/npm/issues>
51 verbose exit [ 1, true ]
